#
# There is insufficient memory for the Java Runtime Environment to continue.
# Native memory allocation (malloc) failed to allocate 100176 bytes for Chunk::new
# Possible reasons:
#   The system is out of physical RAM or swap space
#   In 32 bit mode, the process size limit was hit
# Possible solutions:
#   Reduce memory load on the system
#   Increase physical memory or swap space
#   Check if swap backing store is full
#   Use 64 bit Java on a 64 bit OS
#   Decrease Java heap size (-Xmx/-Xms)
#   Decrease number of Java threads
#   Decrease Java thread stack sizes (-Xss)
#   Set larger code cache with -XX:ReservedCodeCacheSize=
# This output file may be truncated or incomplete.
#
#  Out of Memory Error (allocation.cpp:390), pid=9736, tid=5488
#
# JRE version: Java(TM) SE Runtime Environment (8.0_20-b26) (build 1.8.0_20-b26)
# Java VM: Java HotSpot(TM) 64-Bit Server VM (25.20-b23 mixed mode windows-amd64 compressed oops)
# Failed to write core dump. Minidumps are not enabled by default on client versions of Windows
#

---------------  T H R E A D  ---------------

Current thread (0x000000001942c800):  JavaThread "C2 CompilerThread1" daemon [_thread_in_native, id=5488, stack(0x0000000019b00000,0x0000000019c00000)]

Stack: [0x0000000019b00000,0x0000000019c00000]
Native frames: (J=compiled Java code, j=interpreted, Vv=VM code, C=native code)
V  [jvm.dll+0x3152fa]
V  [jvm.dll+0x265d03]
V  [jvm.dll+0x266943]
V  [jvm.dll+0x25e265]
V  [jvm.dll+0xbe255]
V  [jvm.dll+0xbe6fc]
V  [jvm.dll+0x477e2c]
V  [jvm.dll+0x444cc3]
V  [jvm.dll+0x4500de]
V  [jvm.dll+0x4526c8]
V  [jvm.dll+0x435fc2]
V  [jvm.dll+0x97b62]
V  [jvm.dll+0x98353]
V  [jvm.dll+0x22aac4]
V  [jvm.dll+0x283f5a]
C  [msvcr100.dll+0x21d9f]
C  [msvcr100.dll+0x21e3b]
C  [KERNEL32.DLL+0x12d92]
C  [ntdll.dll+0x9f64]


Current CompileTask:
C2:  17296 1401       4       java.lang.Object::toString (36 bytes)


---------------  P R O C E S S  ---------------

Java Threads: ( => current thread )
  0x000000001a7cf000 JavaThread "Java2D Disposer" daemon [_thread_blocked, id=6152, stack(0x000000001bc90000,0x000000001bd90000)]
  0x00000000194c0800 JavaThread "Service Thread" daemon [_thread_blocked, id=6800, stack(0x0000000019e00000,0x0000000019f00000)]
  0x0000000019437000 JavaThread "C1 CompilerThread3" daemon [_thread_blocked, id=4068, stack(0x0000000019d00000,0x0000000019e00000)]
  0x0000000019430800 JavaThread "C2 CompilerThread2" daemon [_thread_blocked, id=3756, stack(0x0000000019c00000,0x0000000019d00000)]
=>0x000000001942c800 JavaThread "C2 CompilerThread1" daemon [_thread_in_native, id=5488, stack(0x0000000019b00000,0x0000000019c00000)]
  0x000000001942a800 JavaThread "C2 CompilerThread0" daemon [_thread_blocked, id=1368, stack(0x0000000019a00000,0x0000000019b00000)]
  0x0000000019425800 JavaThread "Attach Listener" daemon [_thread_blocked, id=2204, stack(0x0000000019900000,0x0000000019a00000)]
  0x0000000019424800 JavaThread "Signal Dispatcher" daemon [_thread_blocked, id=1084, stack(0x0000000019800000,0x0000000019900000)]
  0x00000000024a8000 JavaThread "Finalizer" daemon [_thread_blocked, id=4164, stack(0x0000000019300000,0x0000000019400000)]
  0x00000000024a1000 JavaThread "Reference Handler" daemon [_thread_blocked, id=3636, stack(0x0000000019200000,0x0000000019300000)]
  0x00000000023b0800 JavaThread "main" [_thread_in_Java, id=3312, stack(0x00000000022b0000,0x00000000023b0000)]

Other Threads:
  0x0000000017429000 VMThread [stack: 0x0000000019100000,0x0000000019200000] [id=7864]
  0x00000000194c2800 WatcherThread [stack: 0x0000000019f00000,0x000000001a000000] [id=8008]

VM state:not at safepoint (normal execution)

VM Mutex/Monitor currently owned by a thread: None

Heap:
 PSYoungGen      total 221696K, used 168193K [0x00000000d5f00000, 0x00000000e4900000, 0x0000000100000000)
  eden space 205312K, 75% used [0x00000000d5f00000,0x00000000df5d1750,0x00000000e2780000)
  from space 16384K, 83% used [0x00000000e3800000,0x00000000e456ee48,0x00000000e4800000)
  to   space 16896K, 0% used [0x00000000e2780000,0x00000000e2780000,0x00000000e3800000)
 ParOldGen       total 87552K, used 68849K [0x0000000081c00000, 0x0000000087180000, 0x00000000d5f00000)
  object space 87552K, 78% used [0x0000000081c00000,0x0000000085f3c700,0x0000000087180000)
 Metaspace       used 8537K, capacity 8708K, committed 8960K, reserved 1056768K
  class space    used 896K, capacity 966K, committed 1024K, reserved 1048576K

Card table byte_map: [0x0000000011870000,0x0000000011c70000] byte_map_base: 0x0000000011462000

Marking Bits: (ParMarkBitMap*) 0x00000000603bb460
 Begin Bits: [0x0000000012720000, 0x00000000146b0000)
 End Bits:   [0x00000000146b0000, 0x0000000016640000)

Polling page: 0x00000000021a0000

CodeCache: size=245760Kb used=4275Kb max_used=4903Kb free=241484Kb
 bounds [0x00000000024b0000, 0x00000000029b0000, 0x00000000114b0000]
 total_blobs=1612 nmethods=1171 adapters=355
 compilation: enabled

Compilation events (10 events):
Event: 16.349 Thread 0x000000001942a800 nmethod 1393 0x00000000025e4550 code [0x00000000025e4720, 0x00000000025e50f8]
Event: 16.388 Thread 0x000000001942c800 1397       4       java.util.LinkedList::linkLast (59 bytes)
Event: 16.391 Thread 0x000000001942c800 nmethod 1397 0x0000000002626e10 code [0x0000000002626f60, 0x0000000002627098]
Event: 16.396 Thread 0x0000000019430800 1398       4       java.util.LinkedList$ListItr::next (56 bytes)
Event: 16.399 Thread 0x0000000019430800 nmethod 1398 0x0000000002757850 code [0x00000000027579a0, 0x0000000002757a98]
Event: 16.579 Thread 0x0000000019437000 1399       3       main.java.graph.Graph::<init> (230 bytes)
Event: 16.582 Thread 0x0000000019437000 nmethod 1399 0x000000000270c890 code [0x000000000270cc20, 0x000000000270ed48]
Event: 17.099 Thread 0x000000001942a800 1400       4       java.lang.Integer::numberOfLeadingZeros (76 bytes)
Event: 17.101 Thread 0x000000001942a800 nmethod 1400 0x000000000288bdd0 code [0x000000000288bf00, 0x000000000288bf98]
Event: 17.253 Thread 0x000000001942c800 1401       4       java.lang.Object::toString (36 bytes)

GC Heap History (10 events):
Event: 16.254 GC heap before
{Heap before GC invocations=78 (full 0):
 PSYoungGen      total 222208K, used 219500K [0x00000000d5f00000, 0x00000000e4900000, 0x0000000100000000)
  eden space 205312K, 100% used [0x00000000d5f00000,0x00000000e2780000,0x00000000e2780000)
  from space 16896K, 83% used [0x00000000e2780000,0x00000000e355b320,0x00000000e3800000)
  to   space 16384K, 0% used [0x00000000e3800000,0x00000000e3800000,0x00000000e4800000)
 ParOldGen       total 87552K, used 68609K [0x0000000081c00000, 0x0000000087180000, 0x00000000d5f00000)
  object space 87552K, 78% used [0x0000000081c00000,0x0000000085f006f0,0x0000000087180000)
 Metaspace       used 8535K, capacity 8708K, committed 8960K, reserved 1056768K
  class space    used 896K, capacity 966K, committed 1024K, reserved 1048576K
Event: 16.257 GC heap after
Heap after GC invocations=78 (full 0):
 PSYoungGen      total 221696K, used 5753K [0x00000000d5f00000, 0x00000000e4900000, 0x0000000100000000)
  eden space 205312K, 0% used [0x00000000d5f00000,0x00000000d5f00000,0x00000000e2780000)
  from space 16384K, 35% used [0x00000000e3800000,0x00000000e3d9e640,0x00000000e4800000)
  to   space 16896K, 0% used [0x00000000e2780000,0x00000000e2780000,0x00000000e3800000)
 ParOldGen       total 87552K, used 68649K [0x0000000081c00000, 0x0000000087180000, 0x00000000d5f00000)
  object space 87552K, 78% used [0x0000000081c00000,0x0000000085f0a6f0,0x0000000087180000)
 Metaspace       used 8535K, capacity 8708K, committed 8960K, reserved 1056768K
  class space    used 896K, capacity 966K, committed 1024K, reserved 1048576K
}
Event: 16.481 GC heap before
{Heap before GC invocations=79 (full 0):
 PSYoungGen      total 221696K, used 211011K [0x00000000d5f00000, 0x00000000e4900000, 0x0000000100000000)
  eden space 205312K, 99% used [0x00000000d5f00000,0x00000000e2772748,0x00000000e2780000)
  from space 16384K, 35% used [0x00000000e3800000,0x00000000e3d9e640,0x00000000e4800000)
  to   space 16896K, 0% used [0x00000000e2780000,0x00000000e2780000,0x00000000e3800000)
 ParOldGen       total 87552K, used 68649K [0x0000000081c00000, 0x0000000087180000, 0x00000000d5f00000)
  object space 87552K, 78% used [0x0000000081c00000,0x0000000085f0a6f0,0x0000000087180000)
 Metaspace       used 8535K, capacity 8708K, committed 8960K, reserved 1056768K
  class space    used 896K, capacity 966K, committed 1024K, reserved 1048576K
Event: 16.485 GC heap after
Heap after GC invocations=79 (full 0):
 PSYoungGen      total 222208K, used 11438K [0x00000000d5f00000, 0x00000000e4900000, 0x0000000100000000)
  eden space 205312K, 0% used [0x00000000d5f00000,0x00000000d5f00000,0x00000000e2780000)
  from space 16896K, 67% used [0x00000000e2780000,0x00000000e32aba48,0x00000000e3800000)
  to   space 16384K, 0% used [0x00000000e3800000,0x00000000e3800000,0x00000000e4800000)
 ParOldGen       total 87552K, used 68689K [0x0000000081c00000, 0x0000000087180000, 0x00000000d5f00000)
  object space 87552K, 78% used [0x0000000081c00000,0x0000000085f146f0,0x0000000087180000)
 Metaspace       used 8535K, capacity 8708K, committed 8960K, reserved 1056768K
  class space    used 896K, capacity 966K, committed 1024K, reserved 1048576K
}
Event: 16.713 GC heap before
{Heap before GC invocations=80 (full 0):
 PSYoungGen      total 222208K, used 216682K [0x00000000d5f00000, 0x00000000e4900000, 0x0000000100000000)
  eden space 205312K, 99% used [0x00000000d5f00000,0x00000000e276ef68,0x00000000e2780000)
  from space 16896K, 67% used [0x00000000e2780000,0x00000000e32aba48,0x00000000e3800000)
  to   space 16384K, 0% used [0x00000000e3800000,0x00000000e3800000,0x00000000e4800000)
 ParOldGen       total 87552K, used 68689K [0x0000000081c00000, 0x0000000087180000, 0x00000000d5f00000)
  object space 87552K, 78% used [0x0000000081c00000,0x0000000085f146f0,0x0000000087180000)
 Metaspace       used 8537K, capacity 8708K, committed 8960K, reserved 1056768K
  class space    used 896K, capacity 966K, committed 1024K, reserved 1048576K
Event: 16.714 GC heap after
Heap after GC invocations=80 (full 0):
 PSYoungGen      total 221696K, used 2416K [0x00000000d5f00000, 0x00000000e4900000, 0x0000000100000000)
  eden space 205312K, 0% used [0x00000000d5f00000,0x00000000d5f00000,0x00000000e2780000)
  from space 16384K, 14% used [0x00000000e3800000,0x00000000e3a5c248,0x00000000e4800000)
  to   space 16896K, 0% used [0x00000000e2780000,0x00000000e2780000,0x00000000e3800000)
 ParOldGen       total 87552K, used 68745K [0x0000000081c00000, 0x0000000087180000, 0x00000000d5f00000)
  object space 87552K, 78% used [0x0000000081c00000,0x0000000085f22700,0x0000000087180000)
 Metaspace       used 8537K, capacity 8708K, committed 8960K, reserved 1056768K
  class space    used 896K, capacity 966K, committed 1024K, reserved 1048576K
}
Event: 16.924 GC heap before
{Heap before GC invocations=81 (full 0):
 PSYoungGen      total 221696K, used 207629K [0x00000000d5f00000, 0x00000000e4900000, 0x0000000100000000)
  eden space 205312K, 99% used [0x00000000d5f00000,0x00000000e2767350,0x00000000e2780000)
  from space 16384K, 14% used [0x00000000e3800000,0x00000000e3a5c248,0x00000000e4800000)
  to   space 16896K, 0% used [0x00000000e2780000,0x00000000e2780000,0x00000000e3800000)
 ParOldGen       total 87552K, used 68745K [0x0000000081c00000, 0x0000000087180000, 0x00000000d5f00000)
  object space 87552K, 78% used [0x0000000081c00000,0x0000000085f22700,0x0000000087180000)
 Metaspace       used 8537K, capacity 8708K, committed 8960K, reserved 1056768K
  class space    used 896K, capacity 966K, committed 1024K, reserved 1048576K
Event: 16.927 GC heap after
Heap after GC invocations=81 (full 0):
 PSYoungGen      total 222208K, used 7946K [0x00000000d5f00000, 0x00000000e4900000, 0x0000000100000000)
  eden space 205312K, 0% used [0x00000000d5f00000,0x00000000d5f00000,0x00000000e2780000)
  from space 16896K, 47% used [0x00000000e2780000,0x00000000e2f42888,0x00000000e3800000)
  to   space 16384K, 0% used [0x00000000e3800000,0x00000000e3800000,0x00000000e4800000)
 ParOldGen       total 87552K, used 68793K [0x0000000081c00000, 0x0000000087180000, 0x00000000d5f00000)
  object space 87552K, 78% used [0x0000000081c00000,0x0000000085f2e700,0x0000000087180000)
 Metaspace       used 8537K, capacity 8708K, committed 8960K, reserved 1056768K
  class space    used 896K, capacity 966K, committed 1024K, reserved 1048576K
}
Event: 17.126 GC heap before
{Heap before GC invocations=82 (full 0):
 PSYoungGen      total 222208K, used 213258K [0x00000000d5f00000, 0x00000000e4900000, 0x0000000100000000)
  eden space 205312K, 100% used [0x00000000d5f00000,0x00000000e2780000,0x00000000e2780000)
  from space 16896K, 47% used [0x00000000e2780000,0x00000000e2f42888,0x00000000e3800000)
  to   space 16384K, 0% used [0x00000000e3800000,0x00000000e3800000,0x00000000e4800000)
 ParOldGen       total 87552K, used 68793K [0x0000000081c00000, 0x0000000087180000, 0x00000000d5f00000)
  object space 87552K, 78% used [0x0000000081c00000,0x0000000085f2e700,0x0000000087180000)
 Metaspace       used 8537K, capacity 8708K, committed 8960K, reserved 1056768K
  class space    used 896K, capacity 966K, committed 1024K, reserved 1048576K
Event: 17.130 GC heap after
Heap after GC invocations=82 (full 0):
 PSYoungGen      total 221696K, used 13755K [0x00000000d5f00000, 0x00000000e4900000, 0x0000000100000000)
  eden space 205312K, 0% used [0x00000000d5f00000,0x00000000d5f00000,0x00000000e2780000)
  from space 16384K, 83% used [0x00000000e3800000,0x00000000e456ee48,0x00000000e4800000)
  to   space 16896K, 0% used [0x00000000e2780000,0x00000000e2780000,0x00000000e3800000)
 ParOldGen       total 87552K, used 68849K [0x0000000081c00000, 0x0000000087180000, 0x00000000d5f00000)
  object space 87552K, 78% used [0x0000000081c00000,0x0000000085f3c700,0x0000000087180000)
 Metaspace       used 8537K, capacity 8708K, committed 8960K, reserved 1056768K
  class space    used 896K, capacity 966K, committed 1024K, reserved 1048576K
}

Deoptimization events (10 events):
Event: 2.293 Thread 0x00000000023b0800 Uncommon trap: reason=array_check action=maybe_recompile pc=0x00000000027a4bfc method=java.util.Arrays.fill([Ljava/lang/Object;IILjava/lang/Object;)V @ 20
Event: 2.293 Thread 0x00000000023b0800 Uncommon trap: reason=array_check action=maybe_recompile pc=0x00000000027a4bfc method=java.util.Arrays.fill([Ljava/lang/Object;IILjava/lang/Object;)V @ 20
Event: 3.015 Thread 0x00000000023b0800 Uncommon trap: reason=predicate action=maybe_recompile pc=0x00000000027f7538 method=java.util.Arrays.fill([Ljava/lang/Object;IILjava/lang/Object;)V @ 16
Event: 3.030 Thread 0x00000000023b0800 Uncommon trap: reason=class_check action=maybe_recompile pc=0x000000000275d6e8 method=java.util.HashMap.putVal(ILjava/lang/Object;Ljava/lang/Object;ZZ)Ljava/lang/Object; @ 203
Event: 3.030 Thread 0x00000000023b0800 Uncommon trap: reason=class_check action=maybe_recompile pc=0x000000000275d6e8 method=java.util.HashMap.putVal(ILjava/lang/Object;Ljava/lang/Object;ZZ)Ljava/lang/Object; @ 203
Event: 3.030 Thread 0x00000000023b0800 Uncommon trap: reason=class_check action=maybe_recompile pc=0x000000000275d6e8 method=java.util.HashMap.putVal(ILjava/lang/Object;Ljava/lang/Object;ZZ)Ljava/lang/Object; @ 203
Event: 3.031 Thread 0x00000000023b0800 Uncommon trap: reason=class_check action=maybe_recompile pc=0x000000000275d6e8 method=java.util.HashMap.putVal(ILjava/lang/Object;Ljava/lang/Object;ZZ)Ljava/lang/Object; @ 203
Event: 3.048 Thread 0x00000000023b0800 Uncommon trap: reason=unreached action=reinterpret pc=0x000000000275c9c0 method=java.lang.reflect.Constructor.newInstance([Ljava/lang/Object;)Ljava/lang/Object; @ 69
Event: 3.055 Thread 0x00000000023b0800 Uncommon trap: reason=unreached action=reinterpret pc=0x00000000027f4f00 method=java.util.HashMap$HashIterator.<init>(Ljava/util/HashMap;)V @ 38
Event: 3.313 Thread 0x00000000023b0800 Uncommon trap: reason=unreached action=reinterpret pc=0x00000000028d0c3c method=main.java.knapsack.strategies.DynamicProgramming.run()V @ 286

Internal exceptions (10 events):
Event: 3.255 Thread 0x00000000023b0800 Exception <a 'java/lang/NullPointerException'> (0x00000000d7c04858) thrown at [D:\re\workspace\8-2-build-windows-amd64-cygwin\jdk8u20\1074\hotspot\src\share\vm\runtime\sharedRuntime.cpp, line 604]
Event: 3.255 Thread 0x00000000023b0800 Exception <a 'java/io/FileNotFoundException'> (0x00000000d7c0b7d0) thrown at [D:\re\workspace\8-2-build-windows-amd64-cygwin\jdk8u20\1074\hotspot\src\share\vm\prims\jni.cpp, line 716]
Event: 3.255 Thread 0x00000000023b0800 Implicit null exception at 0x00000000028b5f1e to 0x00000000028b714b
Event: 3.255 Thread 0x00000000023b0800 Exception <a 'java/lang/NullPointerException'> (0x00000000d7c0bf08) thrown at [D:\re\workspace\8-2-build-windows-amd64-cygwin\jdk8u20\1074\hotspot\src\share\vm\runtime\sharedRuntime.cpp, line 604]
Event: 3.271 Thread 0x00000000023b0800 Exception <a 'java/security/PrivilegedActionException'> (0x00000000d7c6b068) thrown at [D:\re\workspace\8-2-build-windows-amd64-cygwin\jdk8u20\1074\hotspot\src\share\vm\prims\jvm.cpp, line 1275]
Event: 3.278 Thread 0x00000000023b0800 Exception <a 'java/security/PrivilegedActionException'> (0x00000000d7c77620) thrown at [D:\re\workspace\8-2-build-windows-amd64-cygwin\jdk8u20\1074\hotspot\src\share\vm\prims\jvm.cpp, line 1275]
Event: 3.279 Thread 0x00000000023b0800 Exception <a 'java/security/PrivilegedActionException'> (0x00000000d7c7a7d0) thrown at [D:\re\workspace\8-2-build-windows-amd64-cygwin\jdk8u20\1074\hotspot\src\share\vm\prims\jvm.cpp, line 1275]
Event: 3.279 Thread 0x00000000023b0800 Exception <a 'java/security/PrivilegedActionException'> (0x00000000d7c7c9d8) thrown at [D:\re\workspace\8-2-build-windows-amd64-cygwin\jdk8u20\1074\hotspot\src\share\vm\prims\jvm.cpp, line 1275]
Event: 3.280 Thread 0x00000000023b0800 Exception <a 'java/security/PrivilegedActionException'> (0x00000000d7c7eb40) thrown at [D:\re\workspace\8-2-build-windows-amd64-cygwin\jdk8u20\1074\hotspot\src\share\vm\prims\jvm.cpp, line 1275]
Event: 3.281 Thread 0x00000000023b0800 Exception <a 'java/security/PrivilegedActionException'> (0x00000000d7c80330) thrown at [D:\re\workspace\8-2-build-windows-amd64-cygwin\jdk8u20\1074\hotspot\src\share\vm\prims\jvm.cpp, line 1275]

Events (10 events):
Event: 16.254 Executing VM operation: ParallelGCFailedAllocation
Event: 16.257 Executing VM operation: ParallelGCFailedAllocation done
Event: 16.481 Executing VM operation: ParallelGCFailedAllocation
Event: 16.485 Executing VM operation: ParallelGCFailedAllocation done
Event: 16.712 Executing VM operation: ParallelGCFailedAllocation
Event: 16.714 Executing VM operation: ParallelGCFailedAllocation done
Event: 16.924 Executing VM operation: ParallelGCFailedAllocation
Event: 16.927 Executing VM operation: ParallelGCFailedAllocation done
Event: 17.126 Executing VM operation: ParallelGCFailedAllocation
Event: 17.130 Executing VM operation: ParallelGCFailedAllocation done


Dynamic libraries:
0x00007ff793990000 - 0x00007ff7939c4000 	C:\Programmi\Java\jdk1.8.0_20\bin\javaw.exe
0x00007ffb05c50000 - 0x00007ffb05e11000 	C:\WINDOWS\SYSTEM32\ntdll.dll
0x00007ffb05710000 - 0x00007ffb057bd000 	C:\WINDOWS\system32\KERNEL32.DLL
0x00007ffb03090000 - 0x00007ffb0326d000 	C:\WINDOWS\system32\KERNELBASE.dll
0x00007ffb05090000 - 0x00007ffb05136000 	C:\WINDOWS\system32\ADVAPI32.dll
0x00007ffb05360000 - 0x00007ffb053fd000 	C:\WINDOWS\system32\msvcrt.dll
0x00007ffb05420000 - 0x00007ffb0547b000 	C:\WINDOWS\system32\sechost.dll
0x00007ffb04c60000 - 0x00007ffb04d86000 	C:\WINDOWS\system32\RPCRT4.dll
0x00007ffb04d90000 - 0x00007ffb04ede000 	C:\WINDOWS\system32\USER32.dll
0x00007ffb05ab0000 - 0x00007ffb05c36000 	C:\WINDOWS\system32\GDI32.dll
0x00007ffaf7940000 - 0x00007ffaf7bb4000 	C:\WINDOWS\WinSxS\amd64_microsoft.windows.common-controls_6595b64144ccf1df_6.0.10240.16384_none_f41f7b285750ef43\COMCTL32.dll
0x00007ffb04a70000 - 0x00007ffb04aa6000 	C:\WINDOWS\system32\IMM32.DLL
0x00007ffb05140000 - 0x00007ffb0529c000 	C:\WINDOWS\system32\MSCTF.dll
0x0000000060440000 - 0x0000000060512000 	C:\Programmi\Java\jdk1.8.0_20\jre\bin\msvcr100.dll
0x000000005fbe0000 - 0x0000000060438000 	C:\Programmi\Java\jdk1.8.0_20\jre\bin\server\jvm.dll
0x00007ffb05c40000 - 0x00007ffb05c48000 	C:\WINDOWS\system32\PSAPI.DLL
0x00007ffaf3290000 - 0x00007ffaf3299000 	C:\WINDOWS\SYSTEM32\WSOCK32.dll
0x00007ffb00a30000 - 0x00007ffb00a53000 	C:\WINDOWS\SYSTEM32\WINMM.dll
0x00007ffb057c0000 - 0x00007ffb05829000 	C:\WINDOWS\system32\WS2_32.dll
0x0000000002170000 - 0x000000000219c000 	C:\WINDOWS\SYSTEM32\WINMMBASE.dll
0x00007ffb034d0000 - 0x00007ffb034d8000 	C:\WINDOWS\system32\NSI.dll
0x00007ffb032d0000 - 0x00007ffb03314000 	C:\WINDOWS\system32\cfgmgr32.dll
0x00007ffb00ff0000 - 0x00007ffb01017000 	C:\WINDOWS\SYSTEM32\DEVOBJ.dll
0x000000005fbd0000 - 0x000000005fbdf000 	C:\Programmi\Java\jdk1.8.0_20\jre\bin\verify.dll
0x000000005fba0000 - 0x000000005fbc8000 	C:\Programmi\Java\jdk1.8.0_20\jre\bin\java.dll
0x000000005fb80000 - 0x000000005fb96000 	C:\Programmi\Java\jdk1.8.0_20\jre\bin\zip.dll
0x00007ffb03540000 - 0x00007ffb04a62000 	C:\WINDOWS\system32\SHELL32.dll
0x00007ffb02720000 - 0x00007ffb02d48000 	C:\WINDOWS\system32\windows.storage.dll
0x00007ffb05480000 - 0x00007ffb056fc000 	C:\WINDOWS\system32\combase.dll
0x00007ffb04ee0000 - 0x00007ffb04f31000 	C:\WINDOWS\system32\shlwapi.dll
0x00007ffb02680000 - 0x00007ffb0268f000 	C:\WINDOWS\system32\kernel.appcore.dll
0x00007ffb02d50000 - 0x00007ffb02e03000 	C:\WINDOWS\system32\shcore.dll
0x00007ffb02690000 - 0x00007ffb026da000 	C:\WINDOWS\system32\powrprof.dll
0x00007ffb02700000 - 0x00007ffb02713000 	C:\WINDOWS\system32\profapi.dll
0x00007ffb01f50000 - 0x00007ffb01f67000 	C:\WINDOWS\SYSTEM32\CRYPTSP.dll
0x00007ffb025b0000 - 0x00007ffb025d8000 	C:\WINDOWS\SYSTEM32\bcrypt.dll
0x00007ffb01ba0000 - 0x00007ffb01bd3000 	C:\WINDOWS\system32\rsaenh.dll
0x00007ffb01d80000 - 0x00007ffb01d9f000 	C:\WINDOWS\SYSTEM32\USERENV.dll
0x00007ffb024a0000 - 0x00007ffb0250b000 	C:\WINDOWS\system32\bcryptprimitives.dll
0x00007ffb020a0000 - 0x00007ffb020ab000 	C:\WINDOWS\SYSTEM32\CRYPTBASE.dll
0x000000005fb60000 - 0x000000005fb7a000 	C:\Programmi\Java\jdk1.8.0_20\jre\bin\net.dll
0x00007ffb01ef0000 - 0x00007ffb01f4d000 	C:\WINDOWS\system32\mswsock.dll
0x00007ffb00130000 - 0x00007ffb00168000 	C:\WINDOWS\SYSTEM32\IPHLPAPI.DLL
0x00007ffb00120000 - 0x00007ffb0012b000 	C:\WINDOWS\SYSTEM32\WINNSI.DLL
0x00007ffaff850000 - 0x00007ffaff866000 	C:\WINDOWS\SYSTEM32\dhcpcsvc6.DLL
0x00007ffaff7f0000 - 0x00007ffaff80a000 	C:\WINDOWS\SYSTEM32\dhcpcsvc.DLL
0x000000005fb40000 - 0x000000005fb51000 	C:\Programmi\Java\jdk1.8.0_20\jre\bin\nio.dll
0x000000005f940000 - 0x000000005fad8000 	C:\Programmi\Java\jdk1.8.0_20\jre\bin\awt.dll
0x00007ffb052a0000 - 0x00007ffb0535e000 	C:\WINDOWS\system32\OLEAUT32.dll
0x00007ffb00d20000 - 0x00007ffb00d98000 	C:\WINDOWS\system32\apphelp.dll
0x00007ffafff20000 - 0x00007ffafff42000 	C:\WINDOWS\system32\DWMAPI.DLL
0x00007ffb00ea0000 - 0x00007ffb00f36000 	C:\WINDOWS\system32\uxtheme.dll
0x000000005f8f0000 - 0x000000005f937000 	C:\Programmi\Java\jdk1.8.0_20\jre\bin\fontmanager.dll
0x000000005f8a0000 - 0x000000005f8e1000 	C:\Programmi\Java\jdk1.8.0_20\jre\bin\t2k.dll
0x00007ffaf3af0000 - 0x00007ffaf3c7a000 	C:\WINDOWS\SYSTEM32\dbghelp.dll

VM Arguments:
jvm_args: -Dfile.encoding=UTF-8 
java_command: main.java.main.Manager
java_class_path (initial): C:\Users\Enrico\Documents\tesi\bin;C:\Users\Enrico\Downloads\jfreechart-1.0.19\jfreechart-1.0.19\lib\hamcrest-core-1.3.jar;C:\Users\Enrico\Downloads\jfreechart-1.0.19\jfreechart-1.0.19\lib\jcommon-1.0.23.jar;C:\Users\Enrico\Downloads\jfreechart-1.0.19\jfreechart-1.0.19\lib\jfreechart-1.0.19.jar;C:\Users\Enrico\Downloads\jfreechart-1.0.19\jfreechart-1.0.19\lib\junit-4.11.jar;C:\Users\Enrico\Downloads\mdsj.jar;C:\Users\Enrico\Downloads\apache-opennlp-1.6.0-bin\apache-opennlp-1.6.0\lib\opennlp-tools-1.6.0.jar;C:\Users\Enrico\Downloads\jgrapht-0.9.1\jgrapht-0.9.1\lib\jgrapht-core-0.9.1.jar;C:\Users\Enrico\Downloads\jgrapht-0.9.1\jgrapht-0.9.1\lib\jgrapht-ext-0.9.1.jar
Launcher Type: SUN_STANDARD

Environment Variables:
JAVA_HOME=C:\Program Files\Java\jdk1.8.0_20
CLASSPATH=.
PATH=C:\ProgramData\Oracle\Java\javapath;C:\Programmi\Java\jdk1.8.0_20\bin;C:\Program Files (x86)\AMD\ATI.ACE\Core-Static;C:\Program Files (x86)\CloudFoundry;C:\Program Files (x86)\Ant\bin;C:\Program Files\MiKTeX 2.9\miktex\bin\x64\;C:\Python34;C:\Python34\Scripts;C:\Program Files (x86)\Skype\Phone\;C:\WINDOWS\system32;C:\WINDOWS;C:\WINDOWS\System32\Wbem;C:\WINDOWS\System32\WindowsPowerShell\v1.0\;C:\Program Files (x86)\ATI Technologies\ATI.ACE\Core-Static
USERNAME=Enrico
OS=Windows_NT
PROCESSOR_IDENTIFIER=Intel64 Family 6 Model 58 Stepping 9, GenuineIntel



---------------  S Y S T E M  ---------------

OS: Windows 8.1 , 64 bit Build 9600 

CPU:total 8 (4 cores per cpu, 2 threads per core) family 6 model 58 stepping 9, cmov, cx8, fxsr, mmx, sse, sse2, sse3, ssse3, sse4.1, sse4.2, popcnt, avx, aes, clmul, erms, ht, tsc, tscinvbit, tscinv

Memory: 4k page, physical 8272748k(823176k free), swap 9321324k(3188k free)

vm_info: Java HotSpot(TM) 64-Bit Server VM (25.20-b23) for windows-amd64 JRE (1.8.0_20-b26), built on Jul 30 2014 13:51:23 by "java_re" with MS VC++ 10.0 (VS2010)

time: Sun Dec 06 20:34:06 2015
elapsed time: 17 seconds (0d 0h 0m 17s)

