\BOOKMARK [0][-]{chapter.1}{1 Introduzione}{}% 1
\BOOKMARK [0][-]{chapter.2}{2 Word cloud statiche}{}% 2
\BOOKMARK [1][-]{section.2.1}{2.1 Definizioni e applicazioni}{chapter.2}% 3
\BOOKMARK [2][-]{subsection.2.1.1}{2.1.1 Cos'\350 una word cloud?}{section.2.1}% 4
\BOOKMARK [2][-]{subsection.2.1.2}{2.1.2 Applicazioni}{section.2.1}% 5
\BOOKMARK [1][-]{section.2.2}{2.2 Stato dell'arte}{chapter.2}% 6
\BOOKMARK [0][-]{chapter.3}{3 Word cloud dinamiche}{}% 7
\BOOKMARK [1][-]{section.3.1}{3.1 Definizioni e applicazioni}{chapter.3}% 8
\BOOKMARK [2][-]{subsection.3.1.1}{3.1.1 Word cloud dinamiche e stato dell'arte}{section.3.1}% 9
\BOOKMARK [2][-]{subsection.3.1.2}{3.1.2 Applicazioni}{section.3.1}% 10
\BOOKMARK [1][-]{section.3.2}{3.2 Algoritmi di generazione di una word cloud semantica}{chapter.3}% 11
\BOOKMARK [2][-]{subsection.3.2.1}{3.2.1 Riferimenti teorici}{section.3.2}% 12
\BOOKMARK [2][-]{subsection.3.2.2}{3.2.2 Estrazione keywords}{section.3.2}% 13
\BOOKMARK [2][-]{subsection.3.2.3}{3.2.3 Calcolo similarit\340}{section.3.2}% 14
\BOOKMARK [2][-]{subsection.3.2.4}{3.2.4 Creazione word cloud}{section.3.2}% 15
\BOOKMARK [2][-]{subsection.3.2.5}{3.2.5 Clustering}{section.3.2}% 16
\BOOKMARK [1][-]{section.3.3}{3.3 Algoritmi di generazione di una word cloud semantica e dinamica}{chapter.3}% 17
\BOOKMARK [2][-]{subsection.3.3.1}{3.3.1 Creazione word cloud}{section.3.3}% 18
\BOOKMARK [2][-]{subsection.3.3.2}{3.3.2 Calcolo similarit\340 tra cluster}{section.3.3}% 19
\BOOKMARK [2][-]{subsection.3.3.3}{3.3.3 Morphing tra successive word cloud}{section.3.3}% 20
\BOOKMARK [0][-]{chapter.4}{4 Implementazione e sperimentazione}{}% 21
\BOOKMARK [1][-]{section.4.1}{4.1 Architettura del sistema}{chapter.4}% 22
\BOOKMARK [2][-]{subsection.4.1.1}{4.1.1 Estrazione keywords e calcolo similarit\340}{section.4.1}% 23
\BOOKMARK [2][-]{subsection.4.1.2}{4.1.2 Creazione word cloud dinamica}{section.4.1}% 24
\BOOKMARK [2][-]{subsection.4.1.3}{4.1.3 Interfaccia grafica}{section.4.1}% 25
\BOOKMARK [1][-]{section.4.2}{4.2 Risultati sperimentali}{chapter.4}% 26
\BOOKMARK [2][-]{subsection.4.2.1}{4.2.1 Metriche adottate}{section.4.2}% 27
\BOOKMARK [2][-]{subsection.4.2.2}{4.2.2 Risultati}{section.4.2}% 28
\BOOKMARK [0][-]{chapter.5}{5 Conclusioni e sviluppi futuri}{}% 29
\BOOKMARK [1][-]{section.5.1}{5.1 Risultati}{chapter.5}% 30
\BOOKMARK [1][-]{section.5.2}{5.2 Sviluppi futuri}{chapter.5}% 31
